<beans xmlns="http://www.springframework.org/schema/beans"
       xmlns:xsi="http://www.w3.org/2001/XMLSchema-instance"
       xmlns:context="http://www.springframework.org/schema/context"
       xsi:schemaLocation="http://www.springframework.org/schema/beans
        http://www.springframework.org/schema/beans/spring-beans-4.2.xsd
       http://www.springframework.org/schema/context
        http://www.springframework.org/schema/context/spring-context.xsd">

    <beans profile="local">
        <context:property-placeholder location="classpath:spring-container/props/jdbc.properties"/>
    </beans>

    <beans profile="intg">
        <context:property-placeholder location="classpath:spring-container/props/intg/*.properties"/>
    </beans>

    <beans profile="travis-ci">
        <context:property-placeholder location="classpath:spring-container/props/travis-ci/*.properties"/>
    </beans>

</beans>